Start testing: Jul 26 12:53 KST
----------------------------------------------------------
1/1 Testing: Rock_sim_tests
1/1 Test: Rock_sim_tests
Command: "/home/greys/Documents/Doc/C+/my_progect/Rocket_Sim/Rocket_sim_0.2v/build/tests/Rock_sim_tests"
Directory: /home/greys/Documents/Doc/C+/my_progect/Rocket_Sim/Rocket_sim_0.2v/build/tests
"Rock_sim_tests" start time: Jul 26 12:53 KST
Output:
----------------------------------------------------------
Target Hight : 7848.44

=== Начальное состояние ===
Height: 10.00 м( 0.01 км)
Velocity: (0.00, 0.00, 0.00) м/с (0.00 км/ч)
Acceleration: (0.00, 0.00, 0.00) м/с 
Mass: 19000.00 кг
Fuel: 4000.00 кг
=========================
F_total(0.00, 1313429.48, 0.00)
Time: 0.00
Height: 81.18 м( 0.08 км)
Velocity: (0.00, 71.18, 0.00) м/с (256.24 км/ч)
Acceleration: (0.00, 71.18, 0.00) м/с 
Mass: 18453.00 кг
Fuel: 3453.00 кг
=========================
F_total(0.00, 1309584.19, 0.00)
Time: 1.00
Height: 225.49 м( 0.23 км)
Velocity: (0.00, 144.31, 0.00) м/с (519.53 км/ч)
Acceleration: (0.00, 73.14, 0.00) м/с 
Mass: 17906.00 кг
Fuel: 2906.00 кг
=========================
F_total(0.00, 1286917.20, 0.00)
Time: 2.00
Height: 443.94 м( 0.44 км)
Velocity: (0.00, 218.45, 0.00) м/с (786.42 км/ч)
Acceleration: (0.00, 74.14, 0.00) м/с 
Mass: 17359.00 кг
Fuel: 2359.00 кг
=========================
F_total(0.00, 1246343.12, 0.00)
Time: 3.00
Height: 736.52 м( 0.74 км)
Velocity: (0.00, 292.58, 0.00) м/с (1053.30 км/ч)
Acceleration: (0.00, 74.13, 0.00) м/с 
Mass: 16812.00 кг
Fuel: 1812.00 кг
=========================
F_total(0.00, 1190709.22, 0.00)
Time: 4.00
Height: 1102.31 м( 1.10 км)
Velocity: (0.00, 365.79, 0.00) м/с (1316.84 км/ч)
Acceleration: (0.00, 73.21, 0.00) м/с 
Mass: 16265.00 кг
Fuel: 1265.00 кг
=========================
F_total(0.00, 1124382.15, 0.00)
Time: 5.00
Height: 1539.64 м( 1.54 км)
Velocity: (0.00, 437.32, 0.00) м/с (1574.37 км/ч)
Acceleration: (0.00, 71.53, 0.00) м/с 
Mass: 15718.00 кг
Fuel: 718.00 кг
=========================
F_total(0.00, 1052527.09, 0.00)
Time: 6.00
Height: 2046.34 м( 2.05 км)
Velocity: (0.00, 506.70, 0.00) м/с (1824.13 км/ч)
Acceleration: (0.00, 69.38, 0.00) м/с 
Mass: 15171.00 кг
Fuel: 171.00 кг
=========================
Tank is empty
F_total(0.00, 980290.43, 0.00)
Time: 7.00
Height: 2620.08 м( 2.62 км)
Velocity: (0.00, 573.74, 0.00) м/с (2065.45 км/ч)
Acceleration: (0.00, 67.03, 0.00) м/с 
Mass: 14624.00 кг
Fuel: 0.00 кг
=========================
F_total(0.00, -587890.67, 0.00)
Time: 8.00
Height: 3153.61 м( 3.15 км)
Velocity: (0.00, 533.53, 0.00) м/с (1920.73 км/ч)
Acceleration: (0.00, -40.20, 0.00) м/с 
Mass: 14624.00 кг
Fuel: 0.00 кг
=========================
F_total(0.00, -504389.72, 0.00)
Time: 9.00
Height: 3652.65 м( 3.65 км)
Velocity: (0.00, 499.04, 0.00) м/с (1796.56 км/ч)
Acceleration: (0.00, -34.49, 0.00) м/с 
Mass: 14624.00 кг
Fuel: 0.00 кг
=========================
F_total(0.00, -441204.88, 0.00)
Time: 10.00
Height: 4121.53 м( 4.12 км)
Velocity: (0.00, 468.87, 0.00) м/с (1687.95 км/ч)
Acceleration: (0.00, -30.17, 0.00) м/с 
Mass: 14624.00 кг
Fuel: 0.00 кг
=========================
F_total(0.00, -392161.87, 0.00)
Time: 11.00
Height: 4563.59 м( 4.56 км)
Velocity: (0.00, 442.06, 0.00) м/с (1591.41 км/ч)
Acceleration: (0.00, -26.82, 0.00) м/с 
Mass: 14624.00 кг
Fuel: 0.00 кг
=========================
F_total(0.00, -353297.33, 0.00)
Time: 12.00
Height: 4981.49 м( 4.98 км)
Velocity: (0.00, 417.90, 0.00) м/с (1504.44 км/ч)
Acceleration: (0.00, -24.16, 0.00) м/с 
Mass: 14624.00 кг
Fuel: 0.00 кг
=========================
F_total(0.00, -321963.34, 0.00)
Time: 13.00
Height: 5377.37 м( 5.38 км)
Velocity: (0.00, 395.88, 0.00) м/с (1425.18 км/ч)
Acceleration: (0.00, -22.02, 0.00) м/с 
Mass: 14624.00 кг
Fuel: 0.00 кг
=========================
F_total(0.00, -296331.18, 0.00)
Time: 14.00
Height: 5752.99 м( 5.75 км)
Velocity: (0.00, 375.62, 0.00) м/с (1352.23 км/ч)
Acceleration: (0.00, -20.26, 0.00) м/с 
Mass: 14624.00 кг
Fuel: 0.00 кг
=========================
F_total(0.00, -275102.10, 0.00)
Time: 15.00
Height: 6109.80 м( 6.11 км)
Velocity: (0.00, 356.81, 0.00) м/с (1284.51 км/ч)
Acceleration: (0.00, -18.81, 0.00) м/с 
Mass: 14624.00 кг
Fuel: 0.00 кг
=========================
F_total(0.00, -257331.45, 0.00)
Time: 16.00
Height: 6449.01 м( 6.45 км)
Velocity: (0.00, 339.21, 0.00) м/с (1221.16 км/ч)
Acceleration: (0.00, -17.60, 0.00) м/с 
Mass: 14624.00 кг
Fuel: 0.00 кг
=========================
F_total(0.00, -242317.77, 0.00)
Time: 17.00
Height: 6771.65 м( 6.77 км)
Velocity: (0.00, 322.64, 0.00) м/с (1161.51 км/ч)
Acceleration: (0.00, -16.57, 0.00) м/с 
Mass: 14624.00 кг
Fuel: 0.00 кг
=========================
F_total(0.00, -229530.67, 0.00)
Time: 18.00
Height: 7078.60 м( 7.08 км)
Velocity: (0.00, 306.95, 0.00) м/с (1105.01 км/ч)
Acceleration: (0.00, -15.70, 0.00) м/с 
Mass: 14624.00 кг
Fuel: 0.00 кг
=========================
F_total(0.00, -218562.73, 0.00)
Time: 19.00
Height: 7370.60 м( 7.37 км)
Velocity: (0.00, 292.00, 0.00) м/с (1051.20 км/ч)
Acceleration: (0.00, -14.95, 0.00) м/с 
Mass: 14624.00 кг
Fuel: 0.00 кг
=========================
F_total(0.00, -209096.49, 0.00)
Time: 20.00
Height: 7648.30 м( 7.65 км)
Velocity: (0.00, 277.70, 0.00) м/с (999.73 км/ч)
Acceleration: (0.00, -14.30, 0.00) м/с 
Mass: 14624.00 кг
Fuel: 0.00 кг
=========================
F_total(0.00, -200881.47, 0.00)
Time: 21.00
Height: 7912.27 м( 7.91 км)
Velocity: (0.00, 263.97, 0.00) м/с (950.28 км/ч)
Acceleration: (0.00, -13.74, 0.00) м/с 
Mass: 14624.00 кг
Fuel: 0.00 кг
=========================
F_total(0.00, -193717.82, 0.00)
Time: 22.00
Height: 8162.99 м( 8.16 км)
Velocity: (0.00, 250.72, 0.00) м/с (902.59 км/ч)
Acceleration: (0.00, -13.25, 0.00) м/с 
Mass: 14624.00 кг
Fuel: 0.00 кг
=========================
F_total(0.00, -187444.43, 0.00)
Time: 23.00
Height: 8400.89 м( 8.40 км)
Velocity: (0.00, 237.90, 0.00) м/с (856.45 км/ч)
Acceleration: (0.00, -12.82, 0.00) м/с 
Mass: 14624.00 кг
Fuel: 0.00 кг
=========================
F_total(0.00, -181930.23, 0.00)
Time: 24.00
Height: 8626.35 м( 8.63 км)
Velocity: (0.00, 225.46, 0.00) м/с (811.66 км/ч)
Acceleration: (0.00, -12.44, 0.00) м/с 
Mass: 14624.00 кг
Fuel: 0.00 кг
=========================
F_total(0.00, -177067.72, 0.00)
Time: 25.00
Height: 8839.70 м( 8.84 км)
Velocity: (0.00, 213.35, 0.00) м/с (768.07 км/ч)
Acceleration: (0.00, -12.11, 0.00) м/с 
Mass: 14624.00 кг
Fuel: 0.00 кг
=========================
F_total(0.00, -172768.05, 0.00)
Time: 26.00
Height: 9041.24 м( 9.04 км)
Velocity: (0.00, 201.54, 0.00) м/с (725.54 км/ч)
Acceleration: (0.00, -11.81, 0.00) м/с 
Mass: 14624.00 кг
Fuel: 0.00 кг
=========================
F_total(0.00, -168957.31, 0.00)
Time: 27.00
Height: 9231.23 м( 9.23 км)
Velocity: (0.00, 189.99, 0.00) м/с (683.95 км/ч)
Acceleration: (0.00, -11.55, 0.00) м/с 
Mass: 14624.00 кг
Fuel: 0.00 кг
=========================
F_total(0.00, -165573.62, 0.00)
Time: 28.00
Height: 9409.89 м( 9.41 км)
Velocity: (0.00, 178.66, 0.00) м/с (643.19 км/ч)
Acceleration: (0.00, -11.32, 0.00) м/с 
Mass: 14624.00 кг
Fuel: 0.00 кг
=========================
F_total(0.00, -162564.90, 0.00)
Time: 29.00
Height: 9577.44 м( 9.58 км)
Velocity: (0.00, 167.55, 0.00) м/с (603.17 км/ч)
Acceleration: (0.00, -11.12, 0.00) м/с 
Mass: 14624.00 кг
Fuel: 0.00 кг
=========================
F_total(0.00, -159887.13, 0.00)
Time: 30.00
Height: 9734.06 м( 9.73 км)
Velocity: (0.00, 156.61, 0.00) м/с (563.81 км/ч)
Acceleration: (0.00, -10.93, 0.00) м/с 
Mass: 14624.00 кг
Fuel: 0.00 кг
=========================
F_total(0.00, -157502.90, 0.00)
Time: 31.00
Height: 9879.90 м( 9.88 км)
Velocity: (0.00, 145.84, 0.00) м/с (525.04 км/ч)
Acceleration: (0.00, -10.77, 0.00) м/с 
Mass: 14624.00 кг
Fuel: 0.00 кг
=========================
F_total(0.00, -155380.36, 0.00)
Time: 32.00
Height: 10015.12 м( 10.02 км)
Velocity: (0.00, 135.22, 0.00) м/с (486.79 км/ч)
Acceleration: (0.00, -10.63, 0.00) м/с 
Mass: 14624.00 кг
Fuel: 0.00 кг
=========================
F_total(0.00, -153492.27, 0.00)
Time: 33.00
Height: 10139.84 м( 10.14 км)
Velocity: (0.00, 124.72, 0.00) м/с (449.00 км/ч)
Acceleration: (0.00, -10.50, 0.00) м/с 
Mass: 14624.00 кг
Fuel: 0.00 кг
=========================
F_total(0.00, -151815.33, 0.00)
Time: 34.00
Height: 10254.19 м( 10.25 км)
Velocity: (0.00, 114.34, 0.00) м/с (411.63 км/ч)
Acceleration: (0.00, -10.38, 0.00) м/с 
Mass: 14624.00 кг
Fuel: 0.00 кг
=========================
F_total(0.00, -150329.53, 0.00)
Time: 35.00
Height: 10358.25 м( 10.36 км)
Velocity: (0.00, 104.06, 0.00) м/с (374.63 км/ч)
Acceleration: (0.00, -10.28, 0.00) м/с 
Mass: 14624.00 кг
Fuel: 0.00 кг
=========================
F_total(0.00, -149017.74, 0.00)
Time: 36.00
Height: 10452.12 м( 10.45 км)
Velocity: (0.00, 93.87, 0.00) м/с (337.94 км/ч)
Acceleration: (0.00, -10.19, 0.00) м/с 
Mass: 14624.00 кг
Fuel: 0.00 кг
=========================
F_total(0.00, -147865.28, 0.00)
Time: 37.00
Height: 10535.88 м( 10.54 км)
Velocity: (0.00, 83.76, 0.00) м/с (301.54 км/ч)
Acceleration: (0.00, -10.11, 0.00) м/с 
Mass: 14624.00 кг
Fuel: 0.00 кг
=========================
F_total(0.00, -146859.58, 0.00)
Time: 38.00
Height: 10609.60 м( 10.61 км)
Velocity: (0.00, 73.72, 0.00) м/с (265.39 км/ч)
Acceleration: (0.00, -10.04, 0.00) м/с 
Mass: 14624.00 кг
Fuel: 0.00 кг
=========================
F_total(0.00, -145989.95, 0.00)
Time: 39.00
Height: 10673.34 м( 10.67 км)
Velocity: (0.00, 63.74, 0.00) м/с (229.45 км/ч)
Acceleration: (0.00, -9.98, 0.00) м/с 
Mass: 14624.00 кг
Fuel: 0.00 кг
=========================
F_total(0.00, -145247.38, 0.00)
Time: 40.00
Height: 10727.14 м( 10.73 км)
Velocity: (0.00, 53.80, 0.00) м/с (193.69 км/ч)
Acceleration: (0.00, -9.93, 0.00) м/с 
Mass: 14624.00 кг
Fuel: 0.00 кг
=========================
F_total(0.00, -144624.30, 0.00)
Time: 41.00
Height: 10771.06 м( 10.77 км)
Velocity: (0.00, 43.91, 0.00) м/с (158.09 км/ч)
Acceleration: (0.00, -9.89, 0.00) м/с 
Mass: 14624.00 кг
Fuel: 0.00 кг
=========================
F_total(0.00, -144114.47, 0.00)
Time: 42.00
Height: 10805.12 м( 10.81 км)
Velocity: (0.00, 34.06, 0.00) м/с (122.62 км/ч)
Acceleration: (0.00, -9.85, 0.00) м/с 
Mass: 14624.00 кг
Fuel: 0.00 кг
=========================
F_total(0.00, -143712.91, 0.00)
Time: 43.00
Height: 10829.35 м( 10.83 км)
Velocity: (0.00, 24.23, 0.00) м/с (87.24 км/ч)
Acceleration: (0.00, -9.83, 0.00) м/с 
Mass: 14624.00 кг
Fuel: 0.00 кг
=========================
F_total(0.00, -143415.70, 0.00)
Time: 44.00
Height: 10843.78 м( 10.84 км)
Velocity: (0.00, 14.43, 0.00) м/с (51.93 км/ч)
Acceleration: (0.00, -9.81, 0.00) м/с 
Mass: 14624.00 кг
Fuel: 0.00 кг
=========================
F_total(0.00, -143220.02, 0.00)
Time: 45.00
Height: 10848.41 м( 10.85 км)
Velocity: (0.00, 4.63, 0.00) м/с (16.68 км/ч)
Acceleration: (0.00, -9.79, 0.00) м/с 
Mass: 14624.00 кг
Fuel: 0.00 кг
=========================
F_total(0.00, -143124.05, 0.00)
Time: 46.00
Height: 10843.25 м( 10.84 км)
Velocity: (0.00, -5.15, 0.00) м/с (18.56 км/ч)
Acceleration: (0.00, -9.79, 0.00) м/с 
Mass: 14624.00 кг
Fuel: 0.00 кг
=========================
F_total(0.00, -143126.91, 0.00)
Falling!
Time: 47.00
Height: 10828.31 м( 10.83 км)
Velocity: (0.00, -14.94, 0.00) м/с (53.79 км/ч)
Acceleration: (0.00, -9.79, 0.00) м/с 
Mass: 14624.00 кг
Fuel: 0.00 кг
=========================
F_total(0.00, -143228.70, 0.00)
Falling!
Time: 48.00
Height: 10803.58 м( 10.80 км)
Velocity: (0.00, -24.74, 0.00) м/с (89.05 км/ч)
Acceleration: (0.00, -9.79, 0.00) м/с 
Mass: 14624.00 кг
Fuel: 0.00 кг
=========================
F_total(0.00, -143430.47, 0.00)
Falling!
Time: 49.00
Height: 10769.03 м( 10.77 км)
Velocity: (0.00, -34.54, 0.00) м/с (124.36 км/ч)
Acceleration: (0.00, -9.81, 0.00) м/с 
Mass: 14624.00 кг
Fuel: 0.00 кг
=========================
F_total(0.00, -143734.24, 0.00)
Falling!
Time: 50.00
Height: 10724.66 м( 10.72 км)
Velocity: (0.00, -44.37, 0.00) м/с (159.74 км/ч)
Acceleration: (0.00, -9.83, 0.00) м/с 
Mass: 14624.00 кг
Fuel: 0.00 кг
=========================
F_total(0.00, -144143.04, 0.00)
Falling!
Time: 51.00
Height: 10670.43 м( 10.67 км)
Velocity: (0.00, -54.23, 0.00) м/с (195.22 км/ч)
Acceleration: (0.00, -9.86, 0.00) м/с 
Mass: 14624.00 кг
Fuel: 0.00 кг
=========================
F_total(0.00, -144660.95, 0.00)
Falling!
Time: 52.00
Height: 10606.31 м( 10.61 км)
Velocity: (0.00, -64.12, 0.00) м/с (230.84 км/ч)
Acceleration: (0.00, -9.89, 0.00) м/с 
Mass: 14624.00 кг
Fuel: 0.00 кг
=========================
F_total(0.00, -145293.17, 0.00)
Falling!
Time: 53.00
Height: 10532.26 м( 10.53 км)
Velocity: (0.00, -74.06, 0.00) м/с (266.60 км/ч)
Acceleration: (0.00, -9.94, 0.00) м/с 
Mass: 14624.00 кг
Fuel: 0.00 кг
=========================
F_total(0.00, -146046.13, 0.00)
Falling!
Time: 54.00
Height: 10448.21 м( 10.45 км)
Velocity: (0.00, -84.04, 0.00) м/с (302.55 км/ч)
Acceleration: (0.00, -9.99, 0.00) м/с 
Mass: 14624.00 кг
Fuel: 0.00 кг
=========================
F_total(0.00, -146927.58, 0.00)
Falling!
Time: 55.00
Height: 10354.12 м( 10.35 км)
Velocity: (0.00, -94.09, 0.00) м/с (338.72 км/ч)
Acceleration: (0.00, -10.05, 0.00) м/с 
Mass: 14624.00 кг
Fuel: 0.00 кг
=========================
F_total(0.00, -147946.77, 0.00)
Falling!
Time: 56.00
Height: 10249.92 м( 10.25 км)
Velocity: (0.00, -104.21, 0.00) м/с (375.14 км/ч)
Acceleration: (0.00, -10.12, 0.00) м/с 
Mass: 14624.00 кг
Fuel: 0.00 кг
=========================
F_total(0.00, -149114.56, 0.00)
Falling!
Time: 57.00
Height: 10135.51 м( 10.14 км)
Velocity: (0.00, -114.40, 0.00) м/с (411.85 км/ч)
Acceleration: (0.00, -10.20, 0.00) м/с 
Mass: 14624.00 кг
Fuel: 0.00 кг
=========================
F_total(0.00, -150443.71, 0.00)
Falling!
Time: 58.00
Height: 10010.82 м( 10.01 км)
Velocity: (0.00, -124.69, 0.00) м/с (448.89 км/ч)
Acceleration: (0.00, -10.29, 0.00) м/с 
Mass: 14624.00 кг
Fuel: 0.00 кг
=========================
F_total(0.00, -151949.09, 0.00)
Falling!
Time: 59.00
Height: 9875.74 м( 9.88 км)
Velocity: (0.00, -135.08, 0.00) м/с (486.29 км/ч)
Acceleration: (0.00, -10.39, 0.00) м/с 
Mass: 14624.00 кг
Fuel: 0.00 кг
=========================
F_total(0.00, -153648.00, 0.00)
Falling!
Time: 60.00
Height: 9730.15 м( 9.73 км)
Velocity: (0.00, -145.59, 0.00) м/с (524.12 км/ч)
Acceleration: (0.00, -10.51, 0.00) м/с 
Mass: 14624.00 кг
Fuel: 0.00 кг
=========================
F_total(0.00, -155560.56, 0.00)
Falling!
Time: 61.00
Height: 9573.93 м( 9.57 км)
Velocity: (0.00, -156.22, 0.00) м/с (562.41 км/ч)
Acceleration: (0.00, -10.64, 0.00) м/с 
Mass: 14624.00 кг
Fuel: 0.00 кг
=========================
F_total(0.00, -157710.17, 0.00)
Falling!
Time: 62.00
Height: 9406.92 м( 9.41 км)
Velocity: (0.00, -167.01, 0.00) м/с (601.23 км/ч)
Acceleration: (0.00, -10.78, 0.00) м/с 
Mass: 14624.00 кг
Fuel: 0.00 кг
=========================
F_total(0.00, -160124.08, 0.00)
Falling!
Time: 63.00
Height: 9228.96 м( 9.23 км)
Velocity: (0.00, -177.96, 0.00) м/с (640.65 км/ч)
Acceleration: (0.00, -10.95, 0.00) м/с 
Mass: 14624.00 кг
Fuel: 0.00 кг
=========================
F_total(0.00, -162834.05, 0.00)
Falling!
Time: 64.00
Height: 9039.87 м( 9.04 км)
Velocity: (0.00, -189.09, 0.00) м/с (680.74 км/ч)
Acceleration: (0.00, -11.13, 0.00) м/с 
Mass: 14624.00 кг
Fuel: 0.00 кг
=========================
F_total(0.00, -165877.26, 0.00)
Falling!
Time: 65.00
Height: 8839.43 м( 8.84 км)
Velocity: (0.00, -200.44, 0.00) м/с (721.57 км/ч)
Acceleration: (0.00, -11.34, 0.00) м/с 
Mass: 14624.00 кг
Fuel: 0.00 кг
=========================
F_total(0.00, -169297.30, 0.00)
Falling!
Time: 66.00
Height: 8627.42 м( 8.63 км)
Velocity: (0.00, -212.01, 0.00) м/с (763.25 км/ч)
Acceleration: (0.00, -11.58, 0.00) м/с 
Mass: 14624.00 кг
Fuel: 0.00 кг
=========================
F_total(0.00, -173145.49, 0.00)
Falling!
Time: 67.00
Height: 8403.57 м( 8.40 км)
Velocity: (0.00, -223.85, 0.00) м/с (805.87 км/ч)
Acceleration: (0.00, -11.84, 0.00) м/с 
Mass: 14624.00 кг
Fuel: 0.00 кг
=========================
F_total(0.00, -177482.55, 0.00)
Falling!
Time: 68.00
Height: 8167.58 м( 8.17 км)
Velocity: (0.00, -235.99, 0.00) м/с (849.56 км/ч)
Acceleration: (0.00, -12.14, 0.00) м/с 
Mass: 14624.00 кг
Fuel: 0.00 кг
=========================
F_total(0.00, -182380.62, 0.00)
Falling!
Time: 69.00
Height: 7919.12 м( 7.92 км)
Velocity: (0.00, -248.46, 0.00) м/с (894.46 км/ч)
Acceleration: (0.00, -12.47, 0.00) м/с 
Mass: 14624.00 кг
Fuel: 0.00 кг
=========================
F_total(0.00, -187925.90, 0.00)
Falling!
Time: 70.00
Height: 7657.80 м( 7.66 км)
Velocity: (0.00, -261.31, 0.00) м/с (940.72 км/ч)
Acceleration: (0.00, -12.85, 0.00) м/с 
Mass: 14624.00 кг
Fuel: 0.00 кг
=========================
F_total(0.00, -194222.03, 0.00)
Falling!
Time: 71.00
Height: 7383.21 м( 7.38 км)
Velocity: (0.00, -274.59, 0.00) м/с (988.53 км/ч)
Acceleration: (0.00, -13.28, 0.00) м/с 
Mass: 14624.00 кг
Fuel: 0.00 кг
=========================
F_total(0.00, -201394.40, 0.00)
Falling!
Time: 72.00
Height: 7094.85 м( 7.09 км)
Velocity: (0.00, -288.36, 0.00) м/с (1038.11 км/ч)
Acceleration: (0.00, -13.77, 0.00) м/с 
Mass: 14624.00 кг
Fuel: 0.00 кг
=========================
F_total(0.00, -209595.87, 0.00)
Falling!
Time: 73.00
Height: 6792.15 м( 6.79 км)
Velocity: (0.00, -302.70, 0.00) м/с (1089.70 км/ч)
Acceleration: (0.00, -14.33, 0.00) м/с 
Mass: 14624.00 кг
Fuel: 0.00 кг
=========================
F_total(0.00, -219014.24, 0.00)
Falling!
Time: 74.00
Height: 6474.48 м( 6.47 км)
Velocity: (0.00, -317.67, 0.00) м/с (1143.62 км/ч)
Acceleration: (0.00, -14.98, 0.00) м/с 
Mass: 14624.00 кг
Fuel: 0.00 кг
=========================
F_total(0.00, -229882.31, 0.00)
Falling!
Time: 75.00
Height: 6141.09 м( 6.14 км)
Velocity: (0.00, -333.39, 0.00) м/с (1200.21 км/ч)
Acceleration: (0.00, -15.72, 0.00) м/с 
Mass: 14624.00 кг
Fuel: 0.00 кг
=========================
F_total(0.00, -242491.42, 0.00)
Falling!
Time: 76.00
Height: 5791.12 м( 5.79 км)
Velocity: (0.00, -349.97, 0.00) м/с (1259.90 км/ч)
Acceleration: (0.00, -16.58, 0.00) м/с 
Mass: 14624.00 кг
Fuel: 0.00 кг
=========================
F_total(0.00, -257210.11, 0.00)
Falling!
Time: 77.00
Height: 5423.55 м( 5.42 км)
Velocity: (0.00, -367.56, 0.00) м/с (1323.22 км/ч)
Acceleration: (0.00, -17.59, 0.00) м/с 
Mass: 14624.00 кг
Fuel: 0.00 кг
=========================
F_total(0.00, -274510.04, 0.00)
Falling!
Time: 78.00
Height: 5037.22 м( 5.04 км)
Velocity: (0.00, -386.33, 0.00) м/с (1390.80 км/ч)
Acceleration: (0.00, -18.77, 0.00) м/с 
Mass: 14624.00 кг
Fuel: 0.00 кг
=========================
F_total(0.00, -295002.75, 0.00)
Falling!
Time: 79.00
Height: 4630.72 м( 4.63 км)
Velocity: (0.00, -406.51, 0.00) м/с (1463.42 км/ч)
Acceleration: (0.00, -20.17, 0.00) м/с 
Mass: 14624.00 кг
Fuel: 0.00 кг
=========================

=== Финальное состояние ===
Height: 4630.72 м( 4.63 км)
Velocity: (0.00, -406.51, 0.00) м/с (1463.42 км/ч)
Acceleration: (0.00, -20.17, 0.00) м/с 
Mass: 14624.00 кг
Fuel: 0.00 кг
=========================
<end of output>
Test time =   0.00 sec
----------------------------------------------------------
Test Passed.
"Rock_sim_tests" end time: Jul 26 12:53 KST
"Rock_sim_tests" time elapsed: 00:00:00
----------------------------------------------------------

End testing: Jul 26 12:53 KST
